<?xml version="1.0" encoding="UTF-8"?>
<testsuite xmlns:xsi="http://www.w3.org/2001/XMLSchema-instance" xsi:noNamespaceSchemaLocation="https://maven.apache.org/surefire/maven-surefire-plugin/xsd/surefire-test-report-3.0.xsd" version="3.0" name="com.example.Program3.Program3ApplicationTests" time="4.062" tests="1" errors="0" skipped="0" failures="0">
  <properties>
    <property name="java.specification.version" value="17"/>
    <property name="sun.jnu.encoding" value="UTF-8"/>
    <property name="java.class.path" value="/home/vibha/Downloads/JavaInitializer/Program3/target/test-classes:/home/vibha/Downloads/JavaInitializer/Program3/target/classes:/home/vibha/.m2/repository/org/springframework/boot/spring-boot-starter-web/3.3.0-SNAPSHOT/spring-boot-starter-web-3.3.0-SNAPSHOT.jar:/home/vibha/.m2/repository/org/springframework/boot/spring-boot-starter/3.3.0-SNAPSHOT/spring-boot-starter-3.3.0-SNAPSHOT.jar:/home/vibha/.m2/repository/org/springframework/boot/spring-boot/3.3.0-SNAPSHOT/spring-boot-3.3.0-SNAPSHOT.jar:/home/vibha/.m2/repository/org/springframework/boot/spring-boot-autoconfigure/3.3.0-SNAPSHOT/spring-boot-autoconfigure-3.3.0-SNAPSHOT.jar:/home/vibha/.m2/repository/org/springframework/boot/spring-boot-starter-logging/3.3.0-SNAPSHOT/spring-boot-starter-logging-3.3.0-SNAPSHOT.jar:/home/vibha/.m2/repository/ch/qos/logback/logback-classic/1.4.14/logback-classic-1.4.14.jar:/home/vibha/.m2/repository/ch/qos/logback/logback-core/1.4.14/logback-core-1.4.14.jar:/home/vibha/.m2/repository/org/apache/logging/log4j/log4j-to-slf4j/2.22.1/log4j-to-slf4j-2.22.1.jar:/home/vibha/.m2/repository/org/apache/logging/log4j/log4j-api/2.22.1/log4j-api-2.22.1.jar:/home/vibha/.m2/repository/org/slf4j/jul-to-slf4j/2.0.11/jul-to-slf4j-2.0.11.jar:/home/vibha/.m2/repository/jakarta/annotation/jakarta.annotation-api/2.1.1/jakarta.annotation-api-2.1.1.jar:/home/vibha/.m2/repository/org/yaml/snakeyaml/2.2/snakeyaml-2.2.jar:/home/vibha/.m2/repository/org/springframework/boot/spring-boot-starter-json/3.3.0-SNAPSHOT/spring-boot-starter-json-3.3.0-SNAPSHOT.jar:/home/vibha/.m2/repository/com/fasterxml/jackson/core/jackson-databind/2.16.1/jackson-databind-2.16.1.jar:/home/vibha/.m2/repository/com/fasterxml/jackson/core/jackson-annotations/2.16.1/jackson-annotations-2.16.1.jar:/home/vibha/.m2/repository/com/fasterxml/jackson/core/jackson-core/2.16.1/jackson-core-2.16.1.jar:/home/vibha/.m2/repository/com/fasterxml/jackson/datatype/jackson-datatype-jdk8/2.16.1/jackson-datatype-jdk8-2.16.1.jar:/home/vibha/.m2/repository/com/fasterxml/jackson/datatype/jackson-datatype-jsr310/2.16.1/jackson-datatype-jsr310-2.16.1.jar:/home/vibha/.m2/repository/com/fasterxml/jackson/module/jackson-module-parameter-names/2.16.1/jackson-module-parameter-names-2.16.1.jar:/home/vibha/.m2/repository/org/springframework/boot/spring-boot-starter-tomcat/3.3.0-SNAPSHOT/spring-boot-starter-tomcat-3.3.0-SNAPSHOT.jar:/home/vibha/.m2/repository/org/apache/tomcat/embed/tomcat-embed-core/10.1.18/tomcat-embed-core-10.1.18.jar:/home/vibha/.m2/repository/org/apache/tomcat/embed/tomcat-embed-el/10.1.18/tomcat-embed-el-10.1.18.jar:/home/vibha/.m2/repository/org/apache/tomcat/embed/tomcat-embed-websocket/10.1.18/tomcat-embed-websocket-10.1.18.jar:/home/vibha/.m2/repository/org/springframework/spring-web/6.1.4-SNAPSHOT/spring-web-6.1.4-SNAPSHOT.jar:/home/vibha/.m2/repository/org/springframework/spring-beans/6.1.4-SNAPSHOT/spring-beans-6.1.4-SNAPSHOT.jar:/home/vibha/.m2/repository/io/micrometer/micrometer-observation/1.13.0-M1/micrometer-observation-1.13.0-M1.jar:/home/vibha/.m2/repository/io/micrometer/micrometer-commons/1.13.0-M1/micrometer-commons-1.13.0-M1.jar:/home/vibha/.m2/repository/org/springframework/spring-webmvc/6.1.4-SNAPSHOT/spring-webmvc-6.1.4-SNAPSHOT.jar:/home/vibha/.m2/repository/org/springframework/spring-aop/6.1.4-SNAPSHOT/spring-aop-6.1.4-SNAPSHOT.jar:/home/vibha/.m2/repository/org/springframework/spring-context/6.1.4-SNAPSHOT/spring-context-6.1.4-SNAPSHOT.jar:/home/vibha/.m2/repository/org/springframework/spring-expression/6.1.4-SNAPSHOT/spring-expression-6.1.4-SNAPSHOT.jar:/home/vibha/.m2/repository/org/springframework/boot/spring-boot-starter-test/3.3.0-SNAPSHOT/spring-boot-starter-test-3.3.0-SNAPSHOT.jar:/home/vibha/.m2/repository/org/springframework/boot/spring-boot-test/3.3.0-SNAPSHOT/spring-boot-test-3.3.0-SNAPSHOT.jar:/home/vibha/.m2/repository/org/springframework/boot/spring-boot-test-autoconfigure/3.3.0-SNAPSHOT/spring-boot-test-autoconfigure-3.3.0-SNAPSHOT.jar:/home/vibha/.m2/repository/com/jayway/jsonpath/json-path/2.9.0/json-path-2.9.0.jar:/home/vibha/.m2/repository/org/slf4j/slf4j-api/2.0.11/slf4j-api-2.0.11.jar:/home/vibha/.m2/repository/jakarta/xml/bind/jakarta.xml.bind-api/4.0.1/jakarta.xml.bind-api-4.0.1.jar:/home/vibha/.m2/repository/jakarta/activation/jakarta.activation-api/2.1.2/jakarta.activation-api-2.1.2.jar:/home/vibha/.m2/repository/net/minidev/json-smart/2.5.0/json-smart-2.5.0.jar:/home/vibha/.m2/repository/net/minidev/accessors-smart/2.5.0/accessors-smart-2.5.0.jar:/home/vibha/.m2/repository/org/ow2/asm/asm/9.3/asm-9.3.jar:/home/vibha/.m2/repository/org/assertj/assertj-core/3.25.1/assertj-core-3.25.1.jar:/home/vibha/.m2/repository/net/bytebuddy/byte-buddy/1.14.11/byte-buddy-1.14.11.jar:/home/vibha/.m2/repository/org/awaitility/awaitility/4.2.0/awaitility-4.2.0.jar:/home/vibha/.m2/repository/org/hamcrest/hamcrest/2.2/hamcrest-2.2.jar:/home/vibha/.m2/repository/org/junit/jupiter/junit-jupiter/5.10.1/junit-jupiter-5.10.1.jar:/home/vibha/.m2/repository/org/junit/jupiter/junit-jupiter-api/5.10.1/junit-jupiter-api-5.10.1.jar:/home/vibha/.m2/repository/org/opentest4j/opentest4j/1.3.0/opentest4j-1.3.0.jar:/home/vibha/.m2/repository/org/junit/platform/junit-platform-commons/1.10.1/junit-platform-commons-1.10.1.jar:/home/vibha/.m2/repository/org/apiguardian/apiguardian-api/1.1.2/apiguardian-api-1.1.2.jar:/home/vibha/.m2/repository/org/junit/jupiter/junit-jupiter-params/5.10.1/junit-jupiter-params-5.10.1.jar:/home/vibha/.m2/repository/org/junit/jupiter/junit-jupiter-engine/5.10.1/junit-jupiter-engine-5.10.1.jar:/home/vibha/.m2/repository/org/junit/platform/junit-platform-engine/1.10.1/junit-platform-engine-1.10.1.jar:/home/vibha/.m2/repository/org/mockito/mockito-core/5.9.0/mockito-core-5.9.0.jar:/home/vibha/.m2/repository/net/bytebuddy/byte-buddy-agent/1.14.11/byte-buddy-agent-1.14.11.jar:/home/vibha/.m2/repository/org/objenesis/objenesis/3.3/objenesis-3.3.jar:/home/vibha/.m2/repository/org/mockito/mockito-junit-jupiter/5.9.0/mockito-junit-jupiter-5.9.0.jar:/home/vibha/.m2/repository/org/skyscreamer/jsonassert/1.5.1/jsonassert-1.5.1.jar:/home/vibha/.m2/repository/com/vaadin/external/google/android-json/0.0.20131108.vaadin1/android-json-0.0.20131108.vaadin1.jar:/home/vibha/.m2/repository/org/springframework/spring-core/6.1.4-SNAPSHOT/spring-core-6.1.4-SNAPSHOT.jar:/home/vibha/.m2/repository/org/springframework/spring-jcl/6.1.4-SNAPSHOT/spring-jcl-6.1.4-SNAPSHOT.jar:/home/vibha/.m2/repository/org/springframework/spring-test/6.1.4-SNAPSHOT/spring-test-6.1.4-SNAPSHOT.jar:/home/vibha/.m2/repository/org/xmlunit/xmlunit-core/2.9.1/xmlunit-core-2.9.1.jar:"/>
    <property name="java.vm.vendor" value="Eclipse Adoptium"/>
    <property name="sun.arch.data.model" value="64"/>
    <property name="java.vendor.url" value="https://adoptium.net/"/>
    <property name="user.timezone" value="Asia/Kolkata"/>
    <property name="os.name" value="Linux"/>
    <property name="java.vm.specification.version" value="17"/>
    <property name="sun.java.launcher" value="SUN_STANDARD"/>
    <property name="user.country" value="IN"/>
    <property name="sun.boot.library.path" value="/home/vibha/.p2/pool/plugins/org.eclipse.justj.openjdk.hotspot.jre.full.linux.x86_64_17.0.7.v20230425-1502/jre/lib"/>
    <property name="sun.java.command" value="/home/vibha/Downloads/JavaInitializer/Program3/target/surefire/surefirebooter-20240221074653999_3.jar /home/vibha/Downloads/JavaInitializer/Program3/target/surefire 2024-02-21T07-46-53_870-jvmRun1 surefire-20240221074653999_1tmp surefire_0-20240221074653999_2tmp"/>
    <property name="jdk.debug" value="release"/>
    <property name="surefire.test.class.path" value="/home/vibha/Downloads/JavaInitializer/Program3/target/test-classes:/home/vibha/Downloads/JavaInitializer/Program3/target/classes:/home/vibha/.m2/repository/org/springframework/boot/spring-boot-starter-web/3.3.0-SNAPSHOT/spring-boot-starter-web-3.3.0-SNAPSHOT.jar:/home/vibha/.m2/repository/org/springframework/boot/spring-boot-starter/3.3.0-SNAPSHOT/spring-boot-starter-3.3.0-SNAPSHOT.jar:/home/vibha/.m2/repository/org/springframework/boot/spring-boot/3.3.0-SNAPSHOT/spring-boot-3.3.0-SNAPSHOT.jar:/home/vibha/.m2/repository/org/springframework/boot/spring-boot-autoconfigure/3.3.0-SNAPSHOT/spring-boot-autoconfigure-3.3.0-SNAPSHOT.jar:/home/vibha/.m2/repository/org/springframework/boot/spring-boot-starter-logging/3.3.0-SNAPSHOT/spring-boot-starter-logging-3.3.0-SNAPSHOT.jar:/home/vibha/.m2/repository/ch/qos/logback/logback-classic/1.4.14/logback-classic-1.4.14.jar:/home/vibha/.m2/repository/ch/qos/logback/logback-core/1.4.14/logback-core-1.4.14.jar:/home/vibha/.m2/repository/org/apache/logging/log4j/log4j-to-slf4j/2.22.1/log4j-to-slf4j-2.22.1.jar:/home/vibha/.m2/repository/org/apache/logging/log4j/log4j-api/2.22.1/log4j-api-2.22.1.jar:/home/vibha/.m2/repository/org/slf4j/jul-to-slf4j/2.0.11/jul-to-slf4j-2.0.11.jar:/home/vibha/.m2/repository/jakarta/annotation/jakarta.annotation-api/2.1.1/jakarta.annotation-api-2.1.1.jar:/home/vibha/.m2/repository/org/yaml/snakeyaml/2.2/snakeyaml-2.2.jar:/home/vibha/.m2/repository/org/springframework/boot/spring-boot-starter-json/3.3.0-SNAPSHOT/spring-boot-starter-json-3.3.0-SNAPSHOT.jar:/home/vibha/.m2/repository/com/fasterxml/jackson/core/jackson-databind/2.16.1/jackson-databind-2.16.1.jar:/home/vibha/.m2/repository/com/fasterxml/jackson/core/jackson-annotations/2.16.1/jackson-annotations-2.16.1.jar:/home/vibha/.m2/repository/com/fasterxml/jackson/core/jackson-core/2.16.1/jackson-core-2.16.1.jar:/home/vibha/.m2/repository/com/fasterxml/jackson/datatype/jackson-datatype-jdk8/2.16.1/jackson-datatype-jdk8-2.16.1.jar:/home/vibha/.m2/repository/com/fasterxml/jackson/datatype/jackson-datatype-jsr310/2.16.1/jackson-datatype-jsr310-2.16.1.jar:/home/vibha/.m2/repository/com/fasterxml/jackson/module/jackson-module-parameter-names/2.16.1/jackson-module-parameter-names-2.16.1.jar:/home/vibha/.m2/repository/org/springframework/boot/spring-boot-starter-tomcat/3.3.0-SNAPSHOT/spring-boot-starter-tomcat-3.3.0-SNAPSHOT.jar:/home/vibha/.m2/repository/org/apache/tomcat/embed/tomcat-embed-core/10.1.18/tomcat-embed-core-10.1.18.jar:/home/vibha/.m2/repository/org/apache/tomcat/embed/tomcat-embed-el/10.1.18/tomcat-embed-el-10.1.18.jar:/home/vibha/.m2/repository/org/apache/tomcat/embed/tomcat-embed-websocket/10.1.18/tomcat-embed-websocket-10.1.18.jar:/home/vibha/.m2/repository/org/springframework/spring-web/6.1.4-SNAPSHOT/spring-web-6.1.4-SNAPSHOT.jar:/home/vibha/.m2/repository/org/springframework/spring-beans/6.1.4-SNAPSHOT/spring-beans-6.1.4-SNAPSHOT.jar:/home/vibha/.m2/repository/io/micrometer/micrometer-observation/1.13.0-M1/micrometer-observation-1.13.0-M1.jar:/home/vibha/.m2/repository/io/micrometer/micrometer-commons/1.13.0-M1/micrometer-commons-1.13.0-M1.jar:/home/vibha/.m2/repository/org/springframework/spring-webmvc/6.1.4-SNAPSHOT/spring-webmvc-6.1.4-SNAPSHOT.jar:/home/vibha/.m2/repository/org/springframework/spring-aop/6.1.4-SNAPSHOT/spring-aop-6.1.4-SNAPSHOT.jar:/home/vibha/.m2/repository/org/springframework/spring-context/6.1.4-SNAPSHOT/spring-context-6.1.4-SNAPSHOT.jar:/home/vibha/.m2/repository/org/springframework/spring-expression/6.1.4-SNAPSHOT/spring-expression-6.1.4-SNAPSHOT.jar:/home/vibha/.m2/repository/org/springframework/boot/spring-boot-starter-test/3.3.0-SNAPSHOT/spring-boot-starter-test-3.3.0-SNAPSHOT.jar:/home/vibha/.m2/repository/org/springframework/boot/spring-boot-test/3.3.0-SNAPSHOT/spring-boot-test-3.3.0-SNAPSHOT.jar:/home/vibha/.m2/repository/org/springframework/boot/spring-boot-test-autoconfigure/3.3.0-SNAPSHOT/spring-boot-test-autoconfigure-3.3.0-SNAPSHOT.jar:/home/vibha/.m2/repository/com/jayway/jsonpath/json-path/2.9.0/json-path-2.9.0.jar:/home/vibha/.m2/repository/org/slf4j/slf4j-api/2.0.11/slf4j-api-2.0.11.jar:/home/vibha/.m2/repository/jakarta/xml/bind/jakarta.xml.bind-api/4.0.1/jakarta.xml.bind-api-4.0.1.jar:/home/vibha/.m2/repository/jakarta/activation/jakarta.activation-api/2.1.2/jakarta.activation-api-2.1.2.jar:/home/vibha/.m2/repository/net/minidev/json-smart/2.5.0/json-smart-2.5.0.jar:/home/vibha/.m2/repository/net/minidev/accessors-smart/2.5.0/accessors-smart-2.5.0.jar:/home/vibha/.m2/repository/org/ow2/asm/asm/9.3/asm-9.3.jar:/home/vibha/.m2/repository/org/assertj/assertj-core/3.25.1/assertj-core-3.25.1.jar:/home/vibha/.m2/repository/net/bytebuddy/byte-buddy/1.14.11/byte-buddy-1.14.11.jar:/home/vibha/.m2/repository/org/awaitility/awaitility/4.2.0/awaitility-4.2.0.jar:/home/vibha/.m2/repository/org/hamcrest/hamcrest/2.2/hamcrest-2.2.jar:/home/vibha/.m2/repository/org/junit/jupiter/junit-jupiter/5.10.1/junit-jupiter-5.10.1.jar:/home/vibha/.m2/repository/org/junit/jupiter/junit-jupiter-api/5.10.1/junit-jupiter-api-5.10.1.jar:/home/vibha/.m2/repository/org/opentest4j/opentest4j/1.3.0/opentest4j-1.3.0.jar:/home/vibha/.m2/repository/org/junit/platform/junit-platform-commons/1.10.1/junit-platform-commons-1.10.1.jar:/home/vibha/.m2/repository/org/apiguardian/apiguardian-api/1.1.2/apiguardian-api-1.1.2.jar:/home/vibha/.m2/repository/org/junit/jupiter/junit-jupiter-params/5.10.1/junit-jupiter-params-5.10.1.jar:/home/vibha/.m2/repository/org/junit/jupiter/junit-jupiter-engine/5.10.1/junit-jupiter-engine-5.10.1.jar:/home/vibha/.m2/repository/org/junit/platform/junit-platform-engine/1.10.1/junit-platform-engine-1.10.1.jar:/home/vibha/.m2/repository/org/mockito/mockito-core/5.9.0/mockito-core-5.9.0.jar:/home/vibha/.m2/repository/net/bytebuddy/byte-buddy-agent/1.14.11/byte-buddy-agent-1.14.11.jar:/home/vibha/.m2/repository/org/objenesis/objenesis/3.3/objenesis-3.3.jar:/home/vibha/.m2/repository/org/mockito/mockito-junit-jupiter/5.9.0/mockito-junit-jupiter-5.9.0.jar:/home/vibha/.m2/repository/org/skyscreamer/jsonassert/1.5.1/jsonassert-1.5.1.jar:/home/vibha/.m2/repository/com/vaadin/external/google/android-json/0.0.20131108.vaadin1/android-json-0.0.20131108.vaadin1.jar:/home/vibha/.m2/repository/org/springframework/spring-core/6.1.4-SNAPSHOT/spring-core-6.1.4-SNAPSHOT.jar:/home/vibha/.m2/repository/org/springframework/spring-jcl/6.1.4-SNAPSHOT/spring-jcl-6.1.4-SNAPSHOT.jar:/home/vibha/.m2/repository/org/springframework/spring-test/6.1.4-SNAPSHOT/spring-test-6.1.4-SNAPSHOT.jar:/home/vibha/.m2/repository/org/xmlunit/xmlunit-core/2.9.1/xmlunit-core-2.9.1.jar:"/>
    <property name="sun.cpu.endian" value="little"/>
    <property name="user.home" value="/home/vibha"/>
    <property name="user.language" value="en"/>
    <property name="java.specification.vendor" value="Oracle Corporation"/>
    <property name="java.version.date" value="2023-04-18"/>
    <property name="java.home" value="/home/vibha/.p2/pool/plugins/org.eclipse.justj.openjdk.hotspot.jre.full.linux.x86_64_17.0.7.v20230425-1502/jre"/>
    <property name="file.separator" value="/"/>
    <property name="style.color" value="always"/>
    <property name="basedir" value="/home/vibha/Downloads/JavaInitializer/Program3"/>
    <property name="java.vm.compressedOopsMode" value="32-bit"/>
    <property name="line.separator" value="&#10;"/>
    <property name="java.specification.name" value="Java Platform API Specification"/>
    <property name="java.vm.specification.vendor" value="Oracle Corporation"/>
    <property name="FILE_LOG_CHARSET" value="UTF-8"/>
    <property name="java.awt.headless" value="true"/>
    <property name="surefire.real.class.path" value="/home/vibha/Downloads/JavaInitializer/Program3/target/surefire/surefirebooter-20240221074653999_3.jar"/>
    <property name="sun.management.compiler" value="HotSpot 64-Bit Tiered Compilers"/>
    <property name="java.runtime.version" value="17.0.7+7"/>
    <property name="user.name" value="vibha"/>
    <property name="path.separator" value=":"/>
    <property name="os.version" value="6.5.0-18-generic"/>
    <property name="java.runtime.name" value="OpenJDK Runtime Environment"/>
    <property name="file.encoding" value="UTF-8"/>
    <property name="java.vm.name" value="OpenJDK 64-Bit Server VM"/>
    <property name="java.vendor.version" value="Temurin-17.0.7+7"/>
    <property name="localRepository" value="/home/vibha/.m2/repository"/>
    <property name="java.vendor.url.bug" value="https://github.com/adoptium/adoptium-support/issues"/>
    <property name="java.io.tmpdir" value="/tmp"/>
    <property name="java.version" value="17.0.7"/>
    <property name="user.dir" value="/home/vibha/Downloads/JavaInitializer/Program3"/>
    <property name="os.arch" value="amd64"/>
    <property name="java.vm.specification.name" value="Java Virtual Machine Specification"/>
    <property name="PID" value="11029"/>
    <property name="CONSOLE_LOG_CHARSET" value="UTF-8"/>
    <property name="native.encoding" value="UTF-8"/>
    <property name="java.library.path" value="/usr/java/packages/lib:/usr/lib64:/lib64:/lib:/usr/lib"/>
    <property name="java.vm.info" value="mixed mode"/>
    <property name="java.vendor" value="Eclipse Adoptium"/>
    <property name="java.vm.version" value="17.0.7+7"/>
    <property name="sun.io.unicode.encoding" value="UnicodeLittle"/>
    <property name="java.class.version" value="61.0"/>
  </properties>
  <testcase name="contextLoads" classname="com.example.Program3.Program3ApplicationTests" time="1.181">
    <system-out><![CDATA[07:46:55.392 [main] INFO org.springframework.test.context.support.AnnotationConfigContextLoaderUtils -- Could not detect default configuration classes for test class [com.example.Program3.Program3ApplicationTests]: Program3ApplicationTests does not declare any static, non-private, non-final, nested classes annotated with @Configuration.
07:46:55.563 [main] INFO org.springframework.boot.test.context.SpringBootTestContextBootstrapper -- Found @SpringBootConfiguration com.example.Program3.Program3Application for test class com.example.Program3.Program3ApplicationTests
  .   ____          _            __ _ _
 /\\ / ___'_ __ _ _(_)_ __  __ _ \ \ \ \
( ( )\___ | '_ | '_| | '_ \/ _` | \ \ \ \
 \\/  ___)| |_)| | | | | || (_| |  ) ) ) )
  '  |____| .__|_| |_|_| |_\__, | / / / /
 =========|_|==============|___/=/_/_/_/

 :: Spring Boot ::       (v3.3.0-SNAPSHOT)

2024-02-21T07:46:56.202+05:30  INFO 11029 --- [           main] c.e.Program3.Program3ApplicationTests    : Starting Program3ApplicationTests using Java 17.0.7 with PID 11029 (started by vibha in /home/vibha/Downloads/JavaInitializer/Program3)
2024-02-21T07:46:56.205+05:30  INFO 11029 --- [           main] c.e.Program3.Program3ApplicationTests    : No active profile set, falling back to 1 default profile: "default"
2024-02-21T07:46:57.943+05:30  INFO 11029 --- [           main] c.e.Program3.Program3ApplicationTests    : Started Program3ApplicationTests in 2.156 seconds (process running for 3.849)
]]></system-out>
  </testcase>
</testsuite>